<?xml version="1.0" encoding="UTF-8"?>
<!-- Generated by org.testng.reporters.JUnitReportReporter -->
<testsuite skipped="0" hostname="Excelance" name="com.masteringselenium.BasicTestWD" tests="2" failures="0" timestamp="08 Jul 2018 16:51:19 GMT" time="42.282" errors="0">
  <testcase name="cheese" time="18.861" classname="com.masteringselenium.BasicTestWD"/>
  <testcase name="Milk" time="23.421" classname="com.masteringselenium.BasicTestWD"/>
</testsuite> <!-- com.masteringselenium.BasicTestWD -->
