<?xml version="1.0" encoding="UTF-8"?>
<!-- Generated by org.testng.reporters.JUnitReportReporter -->
<testsuite skipped="0" hostname="Excelance" name="basicTest" tests="2" failures="0" timestamp="08 Jul 2018 13:37:55 GMT" time="28.938" errors="0">
  <testcase name="Milk" time="17.617" classname="basicTest"/>
  <testcase name="cheese" time="11.321" classname="basicTest"/>
</testsuite> <!-- basicTest -->
